<?xml version="1.0" encoding="UTF-8"?>
<!-- Generated by org.testng.reporters.JUnitReportReporter -->
<testsuite skipped="0" hostname="LAPTOP-2F8NLCU2" name="TestClasses.E2ETest" tests="1" failures="0" timestamp="2020-09-08T20:10:15 IST" time="97.108" errors="0">
  <testcase name="e2ETestFlutter" time="97.108" classname="TestClasses.E2ETest"/>
  <system-out/>
</testsuite> <!-- TestClasses.E2ETest -->
